Removed Pin From Net: NetName=GND Pin=M1-0
Removed Pin From Net: NetName=GND Pin=M2-GND
Removed Pin From Net: NetName=GND Pin=M3-0
Change Component Designator: OldDesignator=L1 NewDesignator=L1 - 22uH
Added Component: Designator=R50(RESC-0603 (1608))
Add component (AddParameter): Name = "Category"; Value = "RESISTOR"; VariantName = "[No Variations]"
Add component (AddParameter): Name = "CompanyID"; Value = ""; VariantName = "[No Variations]"
Add component (AddParameter): Name = "MFR"; Value = "Vishay Dale"; VariantName = "[No Variations]"
Add component (AddParameter): Name = "MFR_URL"; Value = ""; VariantName = "[No Variations]"
Add component (AddParameter): Name = "MPN"; Value = "CRCW06035R10FKEA"; VariantName = "[No Variations]"
Add component (AddParameter): Name = "PinCount"; Value = "2"; VariantName = "[No Variations]"
Add component (AddParameter): Name = "Solder"; Value = "SMT"; VariantName = "[No Variations]"
Add component (AddParameter): Name = "Value"; Value = "5.1R"; VariantName = "[No Variations]"
Added Component: Designator=R51(RESC-0603 (1608))
Add component (AddParameter): Name = "Category"; Value = "RESISTOR"; VariantName = "[No Variations]"
Add component (AddParameter): Name = "CompanyID"; Value = ""; VariantName = "[No Variations]"
Add component (AddParameter): Name = "MFR"; Value = "Vishay Dale"; VariantName = "[No Variations]"
Add component (AddParameter): Name = "MFR_URL"; Value = ""; VariantName = "[No Variations]"
Add component (AddParameter): Name = "MPN"; Value = "CRCW06035R10FKEA"; VariantName = "[No Variations]"
Add component (AddParameter): Name = "PinCount"; Value = "2"; VariantName = "[No Variations]"
Add component (AddParameter): Name = "Solder"; Value = "SMT"; VariantName = "[No Variations]"
Add component (AddParameter): Name = "Value"; Value = "5.1R"; VariantName = "[No Variations]"
Added Pin To Net: NetName=VCC_3.3V_MCU Pin=R50-1
Added Pin To Net: NetName=IO_Soil_Sensor Pin=R50-2
Added Pin To Net: NetName=VCC_3.3V_MCU Pin=R51-1
Added Pin To Net: NetName=IO_Rain_Sensor Pin=R51-2
Added Member To Class: ClassName=U_[F_V1]_PowerSheet Member=Component R50 330R
Added Member To Class: ClassName=U_[F_V1]_PowerSheet Member=Component R51 330R
Added Room: Name=U_[F_V1]_CommMunication_Sheet
Added Room: Name=U_[F_V1]_PowerSheet
Added Room: Name=U_[F_V1]_Sensors_And_BlockControl_Sheet
Added Room: Name=U_[F_V1]MCU_Sheet
