Removed Pin From Net: NetName=IO_Light_UV_Sensor Pin=JP1-8
Removed Pin From Net: NetName=IO_Soil_Sensor Pin=JP1-10
Removed Pin From Net: NetName=IO_Temperature_Sensor Pin=JP1-12
Removed Pin From Net: NetName=IO_PH_Sensor Pin=JP1-14
Removed Pin From Net: NetName=GND Pin=JP1-20
Removed Pin From Net: NetName=NetR43_2 Pin=R43-1
Removed Pin From Net: NetName=GND Pin=R44-1
Removed Pin From Net: NetName=NetC26_1 Pin=R54-2
Added Pin To Net: NetName=IO_PH_Sensor Pin=JP1-8
Added Pin To Net: NetName=IO_Light_UV_Sensor Pin=JP1-10
Added Pin To Net: NetName=IO_Rain_Sensor Pin=JP1-12
Added Pin To Net: NetName=IO_Temperature_Sensor Pin=JP1-14
Added Pin To Net: NetName=IO_Soil_Sensor Pin=JP1-20
Added Pin To Net: NetName=NetR26_2 Pin=R26-2
Added Pin To Net: NetName=NetR43_1 Pin=R43-1
Added Pin To Net: NetName=NetR43_2 Pin=R44-1
Added Room: Name=U_[F_V1]_CommMunication_Sheet
Added Room: Name=U_[F_V1]_PowerSheet
Added Room: Name=U_[F_V1]_Sensors_And_BlockControl_Sheet
Added Room: Name=U_[F_V1]MCU_Sheet
