Removed Member From Class: ClassName=U_[F_V1]_PowerSheet Member=C38
Removed Member From Class: ClassName=U_[F_V1]_PowerSheet Member=C39
Change Component Designator: OldDesignator=*1 NewDesignator=D5
Change Component Designator: OldDesignator=C1 NewDesignator=C5
Change Component Designator: OldDesignator=C2 NewDesignator=C6
Change Component Designator: OldDesignator=C3 NewDesignator=C7
Change Component Designator: OldDesignator=C4 NewDesignator=C8
Change Component Designator: OldDesignator=C5 NewDesignator=C16
Change Component Designator: OldDesignator=C6 NewDesignator=C13
Change Component Designator: OldDesignator=C7 NewDesignator=C14
Change Component Designator: OldDesignator=C8 NewDesignator=C12
Change Component Designator: OldDesignator=C9 NewDesignator=C11
Change Component Designator: OldDesignator=C10 NewDesignator=C15
Change Component Designator: OldDesignator=C11 NewDesignator=C17
Change Component Designator: OldDesignator=C12 NewDesignator=C1
Change Component Designator: OldDesignator=C13 NewDesignator=C2
Change Component Designator: OldDesignator=C14 NewDesignator=C3
Change Component Designator: OldDesignator=C15 NewDesignator=C4
Change Component Designator: OldDesignator=C16 NewDesignator=C18
Change Component Designator: OldDesignator=C17 NewDesignator=C20
Change Component Designator: OldDesignator=C18 NewDesignator=C19
Change Component Designator: OldDesignator=C19 NewDesignator=C21
Change Component Designator: OldDesignator=C20 NewDesignator=C22
Change Component Designator: OldDesignator=C21 NewDesignator=C23
Change Component Designator: OldDesignator=C22 NewDesignator=C24
Change Component Designator: OldDesignator=C23 NewDesignator=C25
Change Component Designator: OldDesignator=C24 NewDesignator=C26
Change Component Designator: OldDesignator=C25 NewDesignator=C27
Change Component Designator: OldDesignator=C26 NewDesignator=C28
Change Component Designator: OldDesignator=C27 NewDesignator=C29
Change Component Designator: OldDesignator=C28 NewDesignator=C30
Change Component Designator: OldDesignator=C29 NewDesignator=C31
Change Component Designator: OldDesignator=C30 NewDesignator=C32
Change Component Designator: OldDesignator=C31 NewDesignator=C33
Change Component Designator: OldDesignator=C32 NewDesignator=C34
Change Component Designator: OldDesignator=C33 NewDesignator=C35
Change Component Designator: OldDesignator=C34 NewDesignator=C36
Change Component Designator: OldDesignator=C35 NewDesignator=C37
Change Component Designator: OldDesignator=C36 NewDesignator=C55
Change Component Designator: OldDesignator=C37 NewDesignator=C57
Change Component Designator: OldDesignator=C38 NewDesignator=C9
Change Component Designator: OldDesignator=C39 NewDesignator=C10
Change Component Designator: OldDesignator=C40 NewDesignator=C38
Change Component Designator: OldDesignator=C41 NewDesignator=C39
Change Component Designator: OldDesignator=C42 NewDesignator=C40
Change Component Designator: OldDesignator=C43 NewDesignator=C41
Change Component Designator: OldDesignator=C44 NewDesignator=C42
Change Component Designator: OldDesignator=C45 NewDesignator=C43
Change Component Designator: OldDesignator=C46 NewDesignator=C44
Change Component Designator: OldDesignator=C47 NewDesignator=C45
Change Component Designator: OldDesignator=C48 NewDesignator=C46
Change Component Designator: OldDesignator=C49 NewDesignator=C47
Change Component Designator: OldDesignator=C50 NewDesignator=C48
Change Component Designator: OldDesignator=C51 NewDesignator=C49
Change Component Designator: OldDesignator=C52 NewDesignator=C50
Change Component Designator: OldDesignator=C53 NewDesignator=C51
Change Component Designator: OldDesignator=C54 NewDesignator=C52
Change Component Designator: OldDesignator=C55 NewDesignator=C53
Change Component Designator: OldDesignator=C56 NewDesignator=C54
Change Component Designator: OldDesignator=C57 NewDesignator=C56
Change Component Designator: OldDesignator=D1 NewDesignator=D8
Change Component Designator: OldDesignator=D2 NewDesignator=D4
Change Component Designator: OldDesignator=D3 NewDesignator=D6
Change Component Designator: OldDesignator=D4 NewDesignator=D7
Change Component Designator: OldDesignator=D5 NewDesignator=D3
Change Component Designator: OldDesignator=D6 NewDesignator=D9
Change Component Designator: OldDesignator=D7 NewDesignator=D10
Change Component Designator: OldDesignator=D8 NewDesignator=D11
Change Component Designator: OldDesignator=D9 NewDesignator=D12
Change Component Designator: OldDesignator=D10 NewDesignator=D13
Change Component Designator: OldDesignator=D11 NewDesignator=D14
Change Component Designator: OldDesignator=D12 NewDesignator=D15
Change Component Designator: OldDesignator=D13 NewDesignator=D16
Change Component Designator: OldDesignator=D14 NewDesignator=D17
Change Component Designator: OldDesignator=D15 NewDesignator=D18
Change Component Designator: OldDesignator=HD1 NewDesignator=HD2
Change Component Designator: OldDesignator=HD2 NewDesignator=HD3
Change Component Designator: OldDesignator=HD3 NewDesignator=HD1
Change Component Designator: OldDesignator=LED4 NewDesignator=LED1
Change Component Designator: OldDesignator=LED5 NewDesignator=LED2
Change Component Designator: OldDesignator=LED6 NewDesignator=LED3
Change Component Designator: OldDesignator=LED7 NewDesignator=LED4
Change Component Designator: OldDesignator=R1 NewDesignator=R2
Change Component Designator: OldDesignator=R2 NewDesignator=R3
Change Component Designator: OldDesignator=R3 NewDesignator=R4
Change Component Designator: OldDesignator=R4 NewDesignator=R5
Change Component Designator: OldDesignator=R5 NewDesignator=R6
Change Component Designator: OldDesignator=R6 NewDesignator=R7
Change Component Designator: OldDesignator=R7 NewDesignator=R1
Change Component Designator: OldDesignator=R11 NewDesignator=R13
Change Component Designator: OldDesignator=R13 NewDesignator=R11
Change Component Designator: OldDesignator=R14 NewDesignator=R27
Change Component Designator: OldDesignator=R15 NewDesignator=R14
Change Component Designator: OldDesignator=R16 NewDesignator=R15
Change Component Designator: OldDesignator=R17 NewDesignator=R16
Change Component Designator: OldDesignator=R18 NewDesignator=R28
Change Component Designator: OldDesignator=R19 NewDesignator=R17
Change Component Designator: OldDesignator=R20 NewDesignator=R18
Change Component Designator: OldDesignator=R21 NewDesignator=R19
Change Component Designator: OldDesignator=R22 NewDesignator=R21
Change Component Designator: OldDesignator=R23 NewDesignator=R24
Change Component Designator: OldDesignator=R29 NewDesignator=R44
Change Component Designator: OldDesignator=R30 NewDesignator=R46
Change Component Designator: OldDesignator=R31 NewDesignator=R47
Change Component Designator: OldDesignator=R32 NewDesignator=R48
Change Component Designator: OldDesignator=R33 NewDesignator=R49
Change Component Designator: OldDesignator=R34 NewDesignator=R29
Change Component Designator: OldDesignator=R35 NewDesignator=R30
Change Component Designator: OldDesignator=R36 NewDesignator=R31
Change Component Designator: OldDesignator=R37 NewDesignator=R32
Change Component Designator: OldDesignator=R38 NewDesignator=R33
Change Component Designator: OldDesignator=R39 NewDesignator=R34
Change Component Designator: OldDesignator=R40 NewDesignator=R35
Change Component Designator: OldDesignator=R41 NewDesignator=R36
Change Component Designator: OldDesignator=R42 NewDesignator=R37
Change Component Designator: OldDesignator=R43 NewDesignator=R38
Change Component Designator: OldDesignator=R44 NewDesignator=R39
Change Component Designator: OldDesignator=R45 NewDesignator=R40
Change Component Designator: OldDesignator=R46 NewDesignator=R41
Change Component Designator: OldDesignator=R47 NewDesignator=R42
Change Component Designator: OldDesignator=R48 NewDesignator=R43
Change Component Designator: OldDesignator=R49 NewDesignator=R45
Change Component Designator: OldDesignator=U2 NewDesignator=U3
Change Component Designator: OldDesignator=U3 NewDesignator=U4
Change Component Designator: OldDesignator=U4 NewDesignator=U2
Change Component Designator: OldDesignator=U6 NewDesignator=U11
Change Component Designator: OldDesignator=U7 NewDesignator=U10
Change Component Designator: OldDesignator=U8 NewDesignator=U6
Change Component Designator: OldDesignator=U9 NewDesignator=U7
Change Component Designator: OldDesignator=U11 NewDesignator=U9
Added Component: Designator=D2(S3M)
Added Pin To Net: NetName=VCC_5V_COMPARE Pin=D2-1
Added Pin To Net: NetName=VCC_5V Pin=D2-2
Added Pin To Net: NetName=TP_CH Pin=LED1-K
Added Pin To Net: NetName=TP_STD Pin=LED2-K
Change Net Name : Old Net Name=Net*1_1 New Net Name=NetD5_1
Change Net Name : Old Net Name=NetC1_1 New Net Name=NetC5_1
Change Net Name : Old Net Name=NetC36_1 New Net Name=NetC55_1
Change Net Name : Old Net Name=NetC37_1 New Net Name=NetC57_1
Change Net Name : Old Net Name=NetC41_2 New Net Name=NetC39_2
Change Net Name : Old Net Name=NetC48_2 New Net Name=NetC46_2
Change Net Name : Old Net Name=NetC49_2 New Net Name=NetC47_2
Change Net Name : Old Net Name=NetC50_2 New Net Name=NetC48_2
Change Net Name : Old Net Name=NetC53_2 New Net Name=NetC51_2
Change Net Name : Old Net Name=NetC56_1 New Net Name=NetC54_1
Change Net Name : Old Net Name=NetC57_1 New Net Name=NetC56_1
Change Net Name : Old Net Name=NetD1_1 New Net Name=NetD8_1
Change Net Name : Old Net Name=NetD3_1 New Net Name=NetD6_1
Change Net Name : Old Net Name=NetD4_1 New Net Name=NetD7_1
Change Net Name : Old Net Name=NetD7_2 New Net Name=NetD10_2
Change Net Name : Old Net Name=NetD12_2 New Net Name=NetD15_2
Change Net Name : Old Net Name=NetD13_2 New Net Name=NetD16_2
Change Net Name : Old Net Name=NetD14_1 New Net Name=NetD17_1
Change Net Name : Old Net Name=NetD15_2 New Net Name=NetD18_2
Change Net Name : Old Net Name=NetHD2_2 New Net Name=NetHD3_2
Change Net Name : Old Net Name=NetLED4_K New Net Name=NetLED1_K
Change Net Name : Old Net Name=NetLED5_K New Net Name=NetLED2_K
Change Net Name : Old Net Name=NetR2_2 New Net Name=NetR3_2
Change Net Name : Old Net Name=NetR11_2 New Net Name=NetR13_2
Change Net Name : Old Net Name=NetR13_1 New Net Name=NetR11_1
Change Net Name : Old Net Name=NetR15_2 New Net Name=NetR14_2
Change Net Name : Old Net Name=NetR29_2 New Net Name=NetR44_2
Change Net Name : Old Net Name=NetR32_1 New Net Name=NetR48_1
Change Net Name : Old Net Name=NetR48_2 New Net Name=NetR43_2
Change Net Color : Old Net Color=Red New Net Color=Default
Added Pin To Net: NetName=NetC37_2 Pin=C37-2
Added Pin To Net: NetName=NetC37_2 Pin=P1-1
Added Net: Name=NetC37_2
Added Pin To Net: NetName=NetLED3_K Pin=LED3-K
Added Pin To Net: NetName=NetLED3_K Pin=R9-1
Added Net: Name=NetLED3_K
Added Pin To Net: NetName=NetLED4_K Pin=LED4-K
Added Pin To Net: NetName=NetLED4_K Pin=R24-1
Added Net: Name=NetLED4_K
Added Pin To Net: NetName=NetR4_2 Pin=R4-2
Added Pin To Net: NetName=NetR4_2 Pin=R7-2
Added Pin To Net: NetName=NetR4_2 Pin=U1-5
Added Net: Name=NetR4_2
Added Member To Class: ClassName=U_[F_V1]_PowerSheet Member=Component C17 4.7uF
Added Member To Class: ClassName=U_[F_V1]_PowerSheet Member=Component C18 100nF
Added Member To Class: ClassName=U_[F_V1]_PowerSheet Member=Component D7 LED - 0603
Added Member To Class: ClassName=U_[F_V1]_PowerSheet Member=Component D8 SS34
Added Member To Class: ClassName=U_[F_V1]MCU_Sheet Member=Component R24 5.1R
Added Room: Name=U_[F_V1]_CommMunication_Sheet
Added Room: Name=U_[F_V1]_PowerSheet
Added Room: Name=U_[F_V1]_Sensors_And_BlockControl_Sheet
Added Room: Name=U_[F_V1]MCU_Sheet
