Removed Member From Class: ClassName=U_[F_V1]_PowerSheet Member=C20
Removed Member From Class: ClassName=U_[F_V1]_Sensors_And_BlockControl_Sheet Member=C53
Removed Member From Class: ClassName=U_[F_V1]MCU_Sheet Member=C53
Removed Member From Class: ClassName=U_[F_V1]_PowerSheet Member=C56
Removed Member From Class: ClassName=U_[F_V1]MCU_Sheet Member=C56
Removed Member From Class: ClassName=U_[F_V1]_PowerSheet Member=D10
Removed Member From Class: ClassName=U_[F_V1]_PowerSheet Member=D12
Removed Member From Class: ClassName=U_[F_V1]MCU_Sheet Member=D12
Removed Member From Class: ClassName=U_[F_V1]_PowerSheet Member=D14
Removed Member From Class: ClassName=U_[F_V1]_CommMunication_Sheet Member=D18
Removed Member From Class: ClassName=U_[F_V1]MCU_Sheet Member=LED1
Removed Member From Class: ClassName=U_[F_V1]_PowerSheet Member=R27
Removed Member From Class: ClassName=U_[F_V1]MCU_Sheet Member=R27
Removed Member From Class: ClassName=U_[F_V1]MCU_Sheet Member=R28
Removed Member From Class: ClassName=U_[F_V1]_Sensors_And_BlockControl_Sheet Member=R39
Removed Member From Class: ClassName=U_[F_V1]_Sensors_And_BlockControl_Sheet Member=R41
Removed Member From Class: ClassName=U_[F_V1]_Sensors_And_BlockControl_Sheet Member=U7
Removed Member From Class: ClassName=U_[F_V1]_CommMunication_Sheet Member=U10
Removed Member From Class: ClassName=U_[F_V1]_CommMunication_Sheet Member=U11
Change Component Footprint: Designator=C5 Old Footprint=CAP_ALUM_SMD_100102_TYPE_G New Footprint=CAPACITOR 6.3x7.7mm
Change component parameters: Designator = "C5" ("C5"); Footprint = "CAP_ALUM_SMD_100102_TYPE_G"; UniqueID = "\NVNWANXC\QYWQVDLO" ("\NVNWANXC\QYWQVDLO")
Added Pin To Net: NetName=GND Pin=C5-2
Added Pin To Net: NetName=NetLED1_K Pin=LED1-K
Added Pin To Net: NetName=NetLED2_K Pin=LED2-K
Added Pin To Net: NetName=GND Pin=LED3-K
Added Pin To Net: NetName=GND Pin=LED4-K
Added Member To Class: ClassName=U_[F_V1]_PowerSheet Member=Component C1 47uF
Added Member To Class: ClassName=U_[F_V1]_PowerSheet Member=Component C3 47uF
Added Member To Class: ClassName=U_[F_V1]_PowerSheet Member=Component C5 100uF
Added Member To Class: ClassName=U_[F_V1]_PowerSheet Member=Component C6 1uF
Added Member To Class: ClassName=U_[F_V1]_PowerSheet Member=Component C7 330uF
Added Member To Class: ClassName=U_[F_V1]_PowerSheet Member=Component C8 100nF
Added Member To Class: ClassName=U_[F_V1]_PowerSheet Member=Component C9 4.7uF
Added Member To Class: ClassName=U_[F_V1]_PowerSheet Member=Component C10 100nF
Added Member To Class: ClassName=U_[F_V1]_PowerSheet Member=Component C11 47uF
Added Member To Class: ClassName=U_[F_V1]_PowerSheet Member=Component C12 1000nF
Added Member To Class: ClassName=U_[F_V1]_PowerSheet Member=Component C13 4.7uF
Added Member To Class: ClassName=U_[F_V1]_PowerSheet Member=Component C15 4.7uF
Added Member To Class: ClassName=U_[F_V1]_PowerSheet Member=Component C17 4.7uF
Added Member To Class: ClassName=U_[F_V1]_PowerSheet Member=Component C18 100nF
Added Member To Class: ClassName=U_[F_V1]MCU_Sheet Member=Component C19 NF
Added Member To Class: ClassName=U_[F_V1]MCU_Sheet Member=Component C21 NF
Added Member To Class: ClassName=U_[F_V1]MCU_Sheet Member=Component C22 470uF/35V
Added Member To Class: ClassName=U_[F_V1]MCU_Sheet Member=Component C23 NF
Added Member To Class: ClassName=U_[F_V1]MCU_Sheet Member=Component C24 470uF/35V
Added Member To Class: ClassName=U_[F_V1]MCU_Sheet Member=Component C25 NF
Added Member To Class: ClassName=U_[F_V1]MCU_Sheet Member=Component C26 470uF/35V
Added Member To Class: ClassName=U_[F_V1]MCU_Sheet Member=Component C27 NF
Added Member To Class: ClassName=U_[F_V1]MCU_Sheet Member=Component C28 470uF/35V
Added Member To Class: ClassName=U_[F_V1]MCU_Sheet Member=Component C29 NF
Added Member To Class: ClassName=U_[F_V1]MCU_Sheet Member=Component C30 470uF/35V
Added Member To Class: ClassName=U_[F_V1]MCU_Sheet Member=Component C31 NF
Added Member To Class: ClassName=U_[F_V1]MCU_Sheet Member=Component C32 470uF/35V
Added Member To Class: ClassName=U_[F_V1]MCU_Sheet Member=Component C33 NF
Added Member To Class: ClassName=U_[F_V1]MCU_Sheet Member=Component C34 470uF/35V
Added Member To Class: ClassName=U_[F_V1]MCU_Sheet Member=Component C35 NF
Added Member To Class: ClassName=U_[F_V1]MCU_Sheet Member=Component C36 470uF/35V
Added Member To Class: ClassName=U_[F_V1]MCU_Sheet Member=Component C37 NF
Added Member To Class: ClassName=U_[F_V1]_Sensors_And_BlockControl_Sheet Member=Component C55 104
Added Member To Class: ClassName=U_[F_V1]_Sensors_And_BlockControl_Sheet Member=Component C57 104
Added Member To Class: ClassName=U_[F_V1]_PowerSheet Member=Component D1 S3M
Added Member To Class: ClassName=U_[F_V1]_PowerSheet Member=Component D2 S3M
Added Member To Class: ClassName=U_[F_V1]_PowerSheet Member=Component D4 S3M
Added Member To Class: ClassName=U_[F_V1]_PowerSheet Member=Component D5 LED - 0603
Added Member To Class: ClassName=U_[F_V1]_PowerSheet Member=Component D6 LED - 0603
Added Member To Class: ClassName=U_[F_V1]_PowerSheet Member=Component D7 LED - 0603
Added Member To Class: ClassName=U_[F_V1]MCU_Sheet Member=Component D9 Diode  1N4007
Added Member To Class: ClassName=U_[F_V1]_CommMunication_Sheet Member=Component D11 39V/11.2A
Added Member To Class: ClassName=U_[F_V1]_CommMunication_Sheet Member=Component D13 39V/11.2A
Added Member To Class: ClassName=U_[F_V1]_CommMunication_Sheet Member=Component D15 39V/11.2A
Added Member To Class: ClassName=U_[F_V1]_Sensors_And_BlockControl_Sheet Member=Component HD2 Header 2
Added Member To Class: ClassName=U_[F_V1]MCU_Sheet Member=Component LED4 LED SMD 0603
Added Member To Class: ClassName=U_[F_V1]_PowerSheet Member=Component R2 1.2K
Added Member To Class: ClassName=U_[F_V1]_PowerSheet Member=Component R4 100K
Added Member To Class: ClassName=U_[F_V1]_PowerSheet Member=Component R6 6K
Added Member To Class: ClassName=U_[F_V1]_PowerSheet Member=Component R13 1.2K
Added Member To Class: ClassName=U_[F_V1]_PowerSheet Member=Component R14 14.7K
Added Member To Class: ClassName=U_[F_V1]_PowerSheet Member=Component R16 5.1R
Added Member To Class: ClassName=U_[F_V1]_CommMunication_Sheet Member=Component R34 NF
Added Member To Class: ClassName=U_[F_V1]_CommMunication_Sheet Member=Component R36 NF
Added Member To Class: ClassName=U_[F_V1]_CommMunication_Sheet Member=Component R38 NF
Added Member To Class: ClassName=U_[F_V1]_CommMunication_Sheet Member=Component R40 NF
Added Member To Class: ClassName=U_[F_V1]_CommMunication_Sheet Member=Component R42 NF
Added Member To Class: ClassName=U_[F_V1]_Sensors_And_BlockControl_Sheet Member=Component R44 10K
Added Member To Class: ClassName=U_[F_V1]_Sensors_And_BlockControl_Sheet Member=Component R46 25 Turn
Added Member To Class: ClassName=U_[F_V1]_Sensors_And_BlockControl_Sheet Member=Component R48 1K
Added Member To Class: ClassName=U_[F_V1]_PowerSheet Member=Component U3 TP4056
Added Member To Class: ClassName=U_[F_V1]_PowerSheet Member=Component U4 MT3608
Added Member To Class: ClassName=U_[F_V1]_CommMunication_Sheet Member=Component U6 Module Sim A7670C
Added Member To Class: ClassName=U_[F_V1]_Sensors_And_BlockControl_Sheet Member=Component U9 LM393
Added Room: Name=U_[F_V1]_CommMunication_Sheet
Added Room: Name=U_[F_V1]_PowerSheet
Added Room: Name=U_[F_V1]_Sensors_And_BlockControl_Sheet
Added Room: Name=U_[F_V1]MCU_Sheet
