Removed Pin From Net: NetName=GND Pin=JP1-2
Removed Pin From Net: NetName=GND Pin=JP1-4
Removed Pin From Net: NetName=GND Pin=JP1-5
Removed Pin From Net: NetName=GND Pin=JP1-7
Removed Pin From Net: NetName=GND Pin=JP1-16
Removed Pin From Net: NetName=GND Pin=JP1-18
Removed Pin From Net: NetName=NetR26_2 Pin=R26-1
Removed Pin From Net: NetName=NetR43_1 Pin=R43-2
Removed Pin From Net: NetName=NetR43_2 Pin=R44-2
Added Pin To Net: NetName=NetR43_2 Pin=R43-2
Added Pin To Net: NetName=GND Pin=R44-2
Added Pin To Net: NetName=NetC26_1 Pin=R54-1
Added Pin To Net: NetName=IO_Light_UV_Sensor Pin=JP1-8
Added Pin To Net: NetName=IO_Light_UV_Sensor Pin=U5-15
Added Net: Name=IO_Light_UV_Sensor
Added Pin To Net: NetName=IO_PH_Sensor Pin=JP1-14
Added Pin To Net: NetName=IO_PH_Sensor Pin=U5-14
Added Net: Name=IO_PH_Sensor
Added Pin To Net: NetName=IO_Rain_Sensor Pin=JP1-7
Added Pin To Net: NetName=IO_Rain_Sensor Pin=U5-16
Added Net: Name=IO_Rain_Sensor
Added Pin To Net: NetName=IO_Soil_Sensor Pin=JP1-10
Added Pin To Net: NetName=IO_Soil_Sensor Pin=U5-18
Added Net: Name=IO_Soil_Sensor
Added Pin To Net: NetName=IO_Temperature_Sensor Pin=JP1-12
Added Pin To Net: NetName=IO_Temperature_Sensor Pin=U5-17
Added Net: Name=IO_Temperature_Sensor
Added Pin To Net: NetName=MCU_PIN_CTR_N1 Pin=JP1-2
Added Pin To Net: NetName=MCU_PIN_CTR_N1 Pin=U5-10
Added Net: Name=MCU_PIN_CTR_N1
Added Pin To Net: NetName=MCU_PIN_CTR_N2 Pin=JP1-4
Added Pin To Net: NetName=MCU_PIN_CTR_N2 Pin=U5-11
Added Net: Name=MCU_PIN_CTR_N2
Added Pin To Net: NetName=MCU_PIN_I2C2_SCA Pin=JP1-18
Added Pin To Net: NetName=MCU_PIN_I2C2_SCA Pin=U5-22
Added Net: Name=MCU_PIN_I2C2_SCA
Added Pin To Net: NetName=MCU_PIN_I2C2_SCL Pin=JP1-16
Added Pin To Net: NetName=MCU_PIN_I2C2_SCL Pin=U5-21
Added Net: Name=MCU_PIN_I2C2_SCL
Added Pin To Net: NetName=MCU_PIN_RX2_DB Pin=JP1-5
Added Pin To Net: NetName=MCU_PIN_RX2_DB Pin=U5-13
Added Net: Name=MCU_PIN_RX2_DB
Added Pin To Net: NetName=MCU_PIN_TX2_DB Pin=JP1-6
Added Pin To Net: NetName=MCU_PIN_TX2_DB Pin=U5-12
Added Net: Name=MCU_PIN_TX2_DB
Added Pin To Net: NetName=NetU5_42 Pin=U5-42
Added Net: Name=NetU5_42
Added Pin To Net: NetName=NetU5_43 Pin=U5-43
Added Net: Name=NetU5_43
Added Room: Name=U_[F_V1]_CommMunication_Sheet
Added Room: Name=U_[F_V1]_PowerSheet
Added Room: Name=U_[F_V1]_Sensors_And_BlockControl_Sheet
Added Room: Name=U_[F_V1]MCU_Sheet
