Removed Pin From Net: NetName=GND Pin=LED2-2
Removed Member From Class: ClassName=U_[F_V1]_PowerSheet Member=LED1
Removed Member From Class: ClassName=U_[F_V1]_PowerSheet Member=LED2
Removed Member From Class: ClassName=U_[F_V1]_PowerSheet Member=LED3
Change Component Designator: OldDesignator=*1 NewDesignator=D6
Change Component Designator: OldDesignator=*2 NewDesignator=D5
Change Component Designator: OldDesignator=*3 NewDesignator=D2
Change Component Designator: OldDesignator=* NewDesignator=D1
Added Component: Designator=*1(LED - 0603)
Added Component: Designator=D3(LED - 0603)
Added Component: Designator=D4(LED - 0603)
Added Pin To Net: NetName=GND Pin=*1-2
Added Pin To Net: NetName=GND Pin=D3-2
Added Pin To Net: NetName=GND Pin=D4-2
Added Pin To Net: NetName=NetLED4_K Pin=LED4-K
Added Pin To Net: NetName=NetLED5_K Pin=LED5-K
Added Pin To Net: NetName=GND Pin=LED6-K
Added Pin To Net: NetName=GND Pin=LED7-K
Change Net Name : Old Net Name=Net*3_2 New Net Name=NetC1_1
Change Net Color : Old Net Color=RGB(158, 161, 117) New Net Color=Red
Added Pin To Net: NetName=Net*1_1 Pin=*1-1
Added Pin To Net: NetName=Net*1_1 Pin=R7-1
Added Net: Name=Net*1_1
Added Pin To Net: NetName=NetD3_1 Pin=D3-1
Added Pin To Net: NetName=NetD3_1 Pin=R1-1
Added Net: Name=NetD3_1
Added Pin To Net: NetName=NetD4_1 Pin=D4-1
Added Pin To Net: NetName=NetD4_1 Pin=R4-1
Added Net: Name=NetD4_1
Added Member To Class: ClassName=U_[F_V1]_PowerSheet Member=Component D3 LED - 0603
Added Member To Class: ClassName=U_[F_V1]_PowerSheet Member=Component D4 LED - 0603
Added Member To Class: ClassName=U_[F_V1]_PowerSheet Member=Component D6 S3M
Added Room: Name=U_[F_V1]_PowerSheet
Added Room: Name=U_[F_V1]MCU_Sheet
